[2019-10-08 19:53:13,795] INFO org.github.dragos.vscode.Main$ - Starting server in /Users/appti/Downloads/GitHub项目/Leetcode/code
[2019-10-08 19:53:13,795] INFO org.github.dragos.vscode.Main$ - Starting server in /Users/appti/Downloads/GitHub项目/Leetcode/code
[2019-10-08 19:53:13,803] INFO org.github.dragos.vscode.Main$ - Classpath: /Users/appti/.vscode/extensions/dragos.scala-lsp-0.2.3/coursier
[2019-10-08 19:53:13,803] INFO org.github.dragos.vscode.Main$ - Classpath: /Users/appti/.vscode/extensions/dragos.scala-lsp-0.2.3/coursier
[2019-10-08 19:53:13,915] DEBUG langserver.core.MessageReader - Received headers:
Content-Length: 1239
[2019-10-08 19:53:13,915] DEBUG langserver.core.MessageReader - Received headers:
Content-Length: 1239
[2019-10-08 19:53:13,928] DEBUG langserver.core.Connection - Received {"jsonrpc":"2.0","id":0,"method":"initialize","params":{"processId":91810,"rootPath":"/Users/appti/Downloads/GitHub项目/Leetcode/code","rootUri":"file:///Users/appti/Downloads/GitHub%E9%A1%B9%E7%9B%AE/Leetcode/code","capabilities":{"workspace":{"applyEdit":true,"didChangeConfiguration":{"dynamicRegistration":false},"didChangeWatchedFiles":{"dynamicRegistration":false},"symbol":{"dynamicRegistration":true},"executeCommand":{"dynamicRegistration":true}},"textDocument":{"synchronization":{"dynamicRegistration":true,"willSave":true,"willSaveWaitUntil":true,"didSave":true},"completion":{"dynamicRegistration":true,"completionItem":{"snippetSupport":true}},"hover":{"dynamicRegistration":true},"signatureHelp":{"dynamicRegistration":true},"references":{"dynamicRegistration":true},"documentHighlight":{"dynamicRegistration":true},"documentSymbol":{"dynamicRegistration":true},"formatting":{"dynamicRegistration":true},"rangeFormatting":{"dynamicRegistration":true},"onTypeFormatting":{"dynamicRegistration":true},"definition":{"dynamicRegistration":true},"codeAction":{"dynamicRegistration":true},"codeLens":{"dynamicRegistration":true},"documentLink":{"dynamicRegistration":true},"rename":{"dynamicRegistration":true}}},"trace":"off"}}
[2019-10-08 19:53:13,928] DEBUG langserver.core.Connection - Received {"jsonrpc":"2.0","id":0,"method":"initialize","params":{"processId":91810,"rootPath":"/Users/appti/Downloads/GitHub项目/Leetcode/code","rootUri":"file:///Users/appti/Downloads/GitHub%E9%A1%B9%E7%9B%AE/Leetcode/code","capabilities":{"workspace":{"applyEdit":true,"didChangeConfiguration":{"dynamicRegistration":false},"didChangeWatchedFiles":{"dynamicRegistration":false},"symbol":{"dynamicRegistration":true},"executeCommand":{"dynamicRegistration":true}},"textDocument":{"synchronization":{"dynamicRegistration":true,"willSave":true,"willSaveWaitUntil":true,"didSave":true},"completion":{"dynamicRegistration":true,"completionItem":{"snippetSupport":true}},"hover":{"dynamicRegistration":true},"signatureHelp":{"dynamicRegistration":true},"references":{"dynamicRegistration":true},"documentHighlight":{"dynamicRegistration":true},"documentSymbol":{"dynamicRegistration":true},"formatting":{"dynamicRegistration":true},"rangeFormatting":{"dynamicRegistration":true},"onTypeFormatting":{"dynamicRegistration":true},"definition":{"dynamicRegistration":true},"codeAction":{"dynamicRegistration":true},"codeLens":{"dynamicRegistration":true},"documentLink":{"dynamicRegistration":true},"rename":{"dynamicRegistration":true}}},"trace":"off"}}
[2019-10-08 19:53:14,492] INFO org.github.dragos.vscode.EnsimeLanguageServer - Initialized with 91810, /Users/appti/Downloads/GitHub项目/Leetcode/code, ClientCapabilities()
[2019-10-08 19:53:14,492] INFO org.github.dragos.vscode.EnsimeLanguageServer - Initialized with 91810, /Users/appti/Downloads/GitHub项目/Leetcode/code, ClientCapabilities()
[2019-10-08 19:53:14,494] DEBUG org.github.dragos.vscode.EnsimeLanguageServer - ensime.config = "/Users/appti/Downloads/GitHub项目/Leetcode/code/.ensime" 
[2019-10-08 19:53:14,494] DEBUG org.github.dragos.vscode.EnsimeLanguageServer - ensime.config = "/Users/appti/Downloads/GitHub项目/Leetcode/code/.ensime" 
[2019-10-08 19:53:14,912] INFO akka.event.slf4j.Slf4jLogger - Slf4jLogger started
[2019-10-08 19:53:15,046] ERROR org.github.dragos.vscode.EnsimeLanguageServer - initializeEnsime Error: /Users/appti/Downloads/GitHub项目/Leetcode/code/.ensime
[2019-10-08 19:53:15,046] ERROR org.github.dragos.vscode.EnsimeLanguageServer - initializeEnsime Error: /Users/appti/Downloads/GitHub项目/Leetcode/code/.ensime
[2019-10-08 19:53:15,098] DEBUG langserver.core.MessageWriter - Content-Length: 146



{"jsonrpc":"2.0","method":"window/showMessage","params":{"tpe":1,"message":"No .ensime file in directory. Run `sbt ensimeConfig` to create one."}}
[2019-10-08 19:53:15,098] DEBUG langserver.core.MessageWriter - Content-Length: 146



{"jsonrpc":"2.0","method":"window/showMessage","params":{"tpe":1,"message":"No .ensime file in directory. Run `sbt ensimeConfig` to create one."}}
[2019-10-08 19:53:15,098] DEBUG langserver.core.MessageWriter - payload: {"jsonrpc":"2.0","method":"window/showMessage","params":{"tpe":1,"message":"No .ensime file in directory. Run `sbt ensimeConfig` to create one."}}
[2019-10-08 19:53:15,098] DEBUG langserver.core.MessageWriter - payload: {"jsonrpc":"2.0","method":"window/showMessage","params":{"tpe":1,"message":"No .ensime file in directory. Run `sbt ensimeConfig` to create one."}}
[2019-10-08 19:53:15,156] DEBUG langserver.core.MessageWriter - Content-Length: 441



{"jsonrpc":"2.0","result":{"capabilities":{"textDocumentSync":1,"hoverProvider":true,"completionProvider":{"resolveProvider":false,"triggerCharacters":["."]},"definitionProvider":true,"referencesProvider":false,"documentHighlightProvider":false,"documentSymbolProvider":true,"workspaceSymbolProvider":false,"codeActionProvider":false,"documentFormattingProvider":false,"documentRangeFormattingProvider":false,"renameProvider":false}},"id":0}
[2019-10-08 19:53:15,156] DEBUG langserver.core.MessageWriter - Content-Length: 441



{"jsonrpc":"2.0","result":{"capabilities":{"textDocumentSync":1,"hoverProvider":true,"completionProvider":{"resolveProvider":false,"triggerCharacters":["."]},"definitionProvider":true,"referencesProvider":false,"documentHighlightProvider":false,"documentSymbolProvider":true,"workspaceSymbolProvider":false,"codeActionProvider":false,"documentFormattingProvider":false,"documentRangeFormattingProvider":false,"renameProvider":false}},"id":0}
[2019-10-08 19:53:15,156] DEBUG langserver.core.MessageWriter - payload: {"jsonrpc":"2.0","result":{"capabilities":{"textDocumentSync":1,"hoverProvider":true,"completionProvider":{"resolveProvider":false,"triggerCharacters":["."]},"definitionProvider":true,"referencesProvider":false,"documentHighlightProvider":false,"documentSymbolProvider":true,"workspaceSymbolProvider":false,"codeActionProvider":false,"documentFormattingProvider":false,"documentRangeFormattingProvider":false,"renameProvider":false}},"id":0}
[2019-10-08 19:53:15,156] DEBUG langserver.core.MessageWriter - payload: {"jsonrpc":"2.0","result":{"capabilities":{"textDocumentSync":1,"hoverProvider":true,"completionProvider":{"resolveProvider":false,"triggerCharacters":["."]},"definitionProvider":true,"referencesProvider":false,"documentHighlightProvider":false,"documentSymbolProvider":true,"workspaceSymbolProvider":false,"codeActionProvider":false,"documentFormattingProvider":false,"documentRangeFormattingProvider":false,"renameProvider":false}},"id":0}
[2019-10-08 19:53:15,157] DEBUG langserver.core.MessageReader - Received headers:
Content-Length: 52
[2019-10-08 19:53:15,157] DEBUG langserver.core.MessageReader - Received headers:
Content-Length: 52
[2019-10-08 19:53:15,157] DEBUG langserver.core.Connection - Received {"jsonrpc":"2.0","method":"initialized","params":{}}
[2019-10-08 19:53:15,157] DEBUG langserver.core.Connection - Received {"jsonrpc":"2.0","method":"initialized","params":{}}
[2019-10-08 19:53:15,166] ERROR org.github.dragos.vscode.EnsimeLanguageServer - Unknown notification Initialized()
[2019-10-08 19:53:15,166] ERROR org.github.dragos.vscode.EnsimeLanguageServer - Unknown notification Initialized()
[2019-10-08 19:53:15,166] DEBUG langserver.core.MessageReader - Received headers:
Content-Length: 1491
[2019-10-08 19:53:15,166] DEBUG langserver.core.MessageReader - Received headers:
Content-Length: 1491
[2019-10-08 19:53:15,167] DEBUG langserver.core.Connection - Received {"jsonrpc":"2.0","method":"textDocument/didOpen","params":{"textDocument":{"uri":"file:///Users/appti/Downloads/MLlib_test1.scala","languageId":"scala","version":1,"text":"import org.apache.spark.ml.feature._\nimport org.apache.spark.ml.classification.LogisticRegression\nimport org.apache.spark.ml.{Pipeline,PipelineModel}\nimport org.apache.spark.ml.linalg.Vector\nimport org.apache.spark.sql.Row\n\nval training = spark.createDataFrame(Seq(\n    (0L, \"a b c d e spark\", 1.0),\n    (1L, \"b d\", 0.0),\n    (2L, \"spark f g h\", 1.0),\n    (3L, \"hadoop mapreduce\", 0.0)\n)).toDF(\"id\",\"text\",\"label\")\n//training: org.apache.spark.sql.DataFrame=[id:bigint, text:string, label:double]\nval tokenizer = new Tokenizer().\nsetInputCol(\"text\").\nsetOutputCol(\"words\")\n\nval hashingTF=new HashingTF().\nsetNumFeatures(1000).\nsetInputCol(tokenizer.getOutputCol).\nsetOutputCol(\"features\")\n\nval lr=new LogisticRegression().\nsetMaxIter(10).\nsetRegParam(0.01)\n\nval pipeline=new Pipeline().setStages(Array(tokenizer,hashingTF,lr))\nval model=pipeline.fit(training)\n\nval test=spark.createDataFrame(Seq(\n    (4L, \"spark i j k\"),\n    (5L, \"l m n\"),\n    (6L, \"spark a\"),\n    (7L, \"apache hadoop\")\n)).toDF(\"id\",\"text\")\n\nmodel.transform(test).\nselect(\"id\",\"text\",\"probability\",\"prediction\").\ncollect().\nforeach{case Row(id: Long, text: String, prob: Vector, prediction:Double)=>\nprintln(s\"($id,$text)-->prob=$prob=,prediction=$prediction\")\n}\n"}}}
[2019-10-08 19:53:15,167] DEBUG langserver.core.Connection - Received {"jsonrpc":"2.0","method":"textDocument/didOpen","params":{"textDocument":{"uri":"file:///Users/appti/Downloads/MLlib_test1.scala","languageId":"scala","version":1,"text":"import org.apache.spark.ml.feature._\nimport org.apache.spark.ml.classification.LogisticRegression\nimport org.apache.spark.ml.{Pipeline,PipelineModel}\nimport org.apache.spark.ml.linalg.Vector\nimport org.apache.spark.sql.Row\n\nval training = spark.createDataFrame(Seq(\n    (0L, \"a b c d e spark\", 1.0),\n    (1L, \"b d\", 0.0),\n    (2L, \"spark f g h\", 1.0),\n    (3L, \"hadoop mapreduce\", 0.0)\n)).toDF(\"id\",\"text\",\"label\")\n//training: org.apache.spark.sql.DataFrame=[id:bigint, text:string, label:double]\nval tokenizer = new Tokenizer().\nsetInputCol(\"text\").\nsetOutputCol(\"words\")\n\nval hashingTF=new HashingTF().\nsetNumFeatures(1000).\nsetInputCol(tokenizer.getOutputCol).\nsetOutputCol(\"features\")\n\nval lr=new LogisticRegression().\nsetMaxIter(10).\nsetRegParam(0.01)\n\nval pipeline=new Pipeline().setStages(Array(tokenizer,hashingTF,lr))\nval model=pipeline.fit(training)\n\nval test=spark.createDataFrame(Seq(\n    (4L, \"spark i j k\"),\n    (5L, \"l m n\"),\n    (6L, \"spark a\"),\n    (7L, \"apache hadoop\")\n)).toDF(\"id\",\"text\")\n\nmodel.transform(test).\nselect(\"id\",\"text\",\"probability\",\"prediction\").\ncollect().\nforeach{case Row(id: Long, text: String, prob: Vector, prediction:Double)=>\nprintln(s\"($id,$text)-->prob=$prob=,prediction=$prediction\")\n}\n"}}}
[2019-10-08 19:53:15,173] DEBUG langserver.core.MessageReader - Received headers:
Content-Length: 1043
[2019-10-08 19:53:15,173] DEBUG langserver.core.MessageReader - Received headers:
Content-Length: 1043
[2019-10-08 19:53:15,174] DEBUG langserver.core.Connection - Received {"jsonrpc":"2.0","method":"textDocument/didOpen","params":{"textDocument":{"uri":"untitled:Untitled-1","languageId":"scala","version":75,"text":"import java.io.PrintWriter\nimport java.net.ServerSocket\ndef generateContext(index : Int) : String = {\n    import scala.collection.mutable.ListBuffer\n    val charList = ListBuffer[Char]()\n    for(i <- 65 to 90)\n      charList += i.toChar\n    val charArray = charList.toArray\n    charArray(index).toString\n}\ndef index = {\n  import java.util.Random\n  val rdm = new Random\n  rdm.nextInt(7)\n}\n\nval listener = new ServerSocket(9998)\nwhile(true){\n  val socket = listener.accept()\n  println(\"Got client connected from :\"+ socket.getInetAddress)\n  val out = new PrintWriter(socket.getOutputStream,true)\n      while(true){\n        Thread.sleep(500)\n        val context = generateContext(index)  //产生的字符是字母表的前七个随机字母\n        println(context)\n        out.write(context + '\\n')\n        out.flush()\n      }\n      socket.close() \n  }\n}\n\n\n\n"}}}
[2019-10-08 19:53:15,174] DEBUG langserver.core.Connection - Received {"jsonrpc":"2.0","method":"textDocument/didOpen","params":{"textDocument":{"uri":"untitled:Untitled-1","languageId":"scala","version":75,"text":"import java.io.PrintWriter\nimport java.net.ServerSocket\ndef generateContext(index : Int) : String = {\n    import scala.collection.mutable.ListBuffer\n    val charList = ListBuffer[Char]()\n    for(i <- 65 to 90)\n      charList += i.toChar\n    val charArray = charList.toArray\n    charArray(index).toString\n}\ndef index = {\n  import java.util.Random\n  val rdm = new Random\n  rdm.nextInt(7)\n}\n\nval listener = new ServerSocket(9998)\nwhile(true){\n  val socket = listener.accept()\n  println(\"Got client connected from :\"+ socket.getInetAddress)\n  val out = new PrintWriter(socket.getOutputStream,true)\n      while(true){\n        Thread.sleep(500)\n        val context = generateContext(index)  //产生的字符是字母表的前七个随机字母\n        println(context)\n        out.write(context + '\\n')\n        out.flush()\n      }\n      socket.close() \n  }\n}\n\n\n\n"}}}
[2019-10-08 19:58:18,408] DEBUG langserver.core.MessageReader - Received headers:
Content-Length: 148
[2019-10-08 19:58:18,408] DEBUG langserver.core.MessageReader - Received headers:
Content-Length: 148
[2019-10-08 19:58:18,410] DEBUG langserver.core.Connection - Received {"jsonrpc":"2.0","id":1,"method":"textDocument/hover","params":{"textDocument":{"uri":"untitled:Untitled-1"},"position":{"line":19,"character":46}}}
[2019-10-08 19:58:18,410] DEBUG langserver.core.Connection - Received {"jsonrpc":"2.0","id":1,"method":"textDocument/hover","params":{"textDocument":{"uri":"untitled:Untitled-1"},"position":{"line":19,"character":46}}}
[2019-10-08 19:58:18,414] INFO org.github.dragos.vscode.EnsimeLanguageServer - Got hover request at (19, 46).
[2019-10-08 19:58:18,414] INFO org.github.dragos.vscode.EnsimeLanguageServer - Got hover request at (19, 46).
[2019-10-08 19:58:19,985] DEBUG langserver.core.MessageReader - Received headers:
Content-Length: 62
[2019-10-08 19:58:19,985] DEBUG langserver.core.MessageReader - Received headers:
Content-Length: 62
[2019-10-08 19:58:19,986] DEBUG langserver.core.Connection - Received {"jsonrpc":"2.0","method":"$/cancelRequest","params":{"id":1}}
[2019-10-08 19:58:19,986] DEBUG langserver.core.Connection - Received {"jsonrpc":"2.0","method":"$/cancelRequest","params":{"id":1}}
[2019-10-08 19:58:19,989] ERROR org.github.dragos.vscode.EnsimeLanguageServer - Unknown notification CancelRequest(1)
[2019-10-08 19:58:19,989] ERROR org.github.dragos.vscode.EnsimeLanguageServer - Unknown notification CancelRequest(1)
[2019-10-08 19:58:20,642] DEBUG langserver.core.MessageReader - Received headers:
Content-Length: 148
[2019-10-08 19:58:20,642] DEBUG langserver.core.MessageReader - Received headers:
Content-Length: 148
[2019-10-08 19:58:20,643] DEBUG langserver.core.Connection - Received {"jsonrpc":"2.0","id":2,"method":"textDocument/hover","params":{"textDocument":{"uri":"untitled:Untitled-1"},"position":{"line":19,"character":33}}}
[2019-10-08 19:58:20,643] DEBUG langserver.core.Connection - Received {"jsonrpc":"2.0","id":2,"method":"textDocument/hover","params":{"textDocument":{"uri":"untitled:Untitled-1"},"position":{"line":19,"character":33}}}
[2019-10-08 19:58:20,645] INFO org.github.dragos.vscode.EnsimeLanguageServer - Got hover request at (19, 33).
[2019-10-08 19:58:20,645] INFO org.github.dragos.vscode.EnsimeLanguageServer - Got hover request at (19, 33).
[2019-10-08 19:58:20,693] DEBUG langserver.core.MessageReader - Received headers:
Content-Length: 62
[2019-10-08 19:58:20,693] DEBUG langserver.core.MessageReader - Received headers:
Content-Length: 62
[2019-10-08 19:58:20,694] DEBUG langserver.core.Connection - Received {"jsonrpc":"2.0","method":"$/cancelRequest","params":{"id":2}}
[2019-10-08 19:58:20,694] DEBUG langserver.core.Connection - Received {"jsonrpc":"2.0","method":"$/cancelRequest","params":{"id":2}}
[2019-10-08 19:58:20,695] ERROR org.github.dragos.vscode.EnsimeLanguageServer - Unknown notification CancelRequest(2)
[2019-10-08 19:58:20,695] ERROR org.github.dragos.vscode.EnsimeLanguageServer - Unknown notification CancelRequest(2)
[2019-10-08 19:58:22,117] DEBUG langserver.core.MessageReader - Received headers:
Content-Length: 147
[2019-10-08 19:58:22,117] DEBUG langserver.core.MessageReader - Received headers:
Content-Length: 147
[2019-10-08 19:58:22,117] DEBUG langserver.core.Connection - Received {"jsonrpc":"2.0","id":3,"method":"textDocument/hover","params":{"textDocument":{"uri":"untitled:Untitled-1"},"position":{"line":18,"character":1}}}
[2019-10-08 19:58:22,117] DEBUG langserver.core.Connection - Received {"jsonrpc":"2.0","id":3,"method":"textDocument/hover","params":{"textDocument":{"uri":"untitled:Untitled-1"},"position":{"line":18,"character":1}}}
[2019-10-08 19:58:22,120] INFO org.github.dragos.vscode.EnsimeLanguageServer - Got hover request at (18, 1).
[2019-10-08 19:58:22,120] INFO org.github.dragos.vscode.EnsimeLanguageServer - Got hover request at (18, 1).
[2019-10-08 19:58:22,266] DEBUG langserver.core.MessageReader - Received headers:
Content-Length: 62
[2019-10-08 19:58:22,266] DEBUG langserver.core.MessageReader - Received headers:
Content-Length: 62
[2019-10-08 19:58:22,266] DEBUG langserver.core.Connection - Received {"jsonrpc":"2.0","method":"$/cancelRequest","params":{"id":3}}
[2019-10-08 19:58:22,266] DEBUG langserver.core.Connection - Received {"jsonrpc":"2.0","method":"$/cancelRequest","params":{"id":3}}
[2019-10-08 19:58:22,268] ERROR org.github.dragos.vscode.EnsimeLanguageServer - Unknown notification CancelRequest(3)
[2019-10-08 19:58:22,268] ERROR org.github.dragos.vscode.EnsimeLanguageServer - Unknown notification CancelRequest(3)
[2019-10-08 19:58:22,417] DEBUG langserver.core.MessageReader - Received headers:
Content-Length: 147
[2019-10-08 19:58:22,417] DEBUG langserver.core.MessageReader - Received headers:
Content-Length: 147
[2019-10-08 19:58:22,418] DEBUG langserver.core.Connection - Received {"jsonrpc":"2.0","id":4,"method":"textDocument/hover","params":{"textDocument":{"uri":"untitled:Untitled-1"},"position":{"line":18,"character":2}}}
[2019-10-08 19:58:22,418] DEBUG langserver.core.Connection - Received {"jsonrpc":"2.0","id":4,"method":"textDocument/hover","params":{"textDocument":{"uri":"untitled:Untitled-1"},"position":{"line":18,"character":2}}}
[2019-10-08 19:58:22,419] INFO org.github.dragos.vscode.EnsimeLanguageServer - Got hover request at (18, 2).
[2019-10-08 19:58:22,419] INFO org.github.dragos.vscode.EnsimeLanguageServer - Got hover request at (18, 2).
[2019-10-08 19:58:22,907] DEBUG langserver.core.MessageReader - Received headers:
Content-Length: 62
[2019-10-08 19:58:22,907] DEBUG langserver.core.MessageReader - Received headers:
Content-Length: 62
[2019-10-08 19:58:22,907] DEBUG langserver.core.Connection - Received {"jsonrpc":"2.0","method":"$/cancelRequest","params":{"id":4}}
[2019-10-08 19:58:22,907] DEBUG langserver.core.Connection - Received {"jsonrpc":"2.0","method":"$/cancelRequest","params":{"id":4}}
[2019-10-08 19:58:22,910] ERROR org.github.dragos.vscode.EnsimeLanguageServer - Unknown notification CancelRequest(4)
[2019-10-08 19:58:22,910] ERROR org.github.dragos.vscode.EnsimeLanguageServer - Unknown notification CancelRequest(4)
[2019-10-08 19:58:23,260] DEBUG langserver.core.MessageReader - Received headers:
Content-Length: 147
[2019-10-08 19:58:23,260] DEBUG langserver.core.MessageReader - Received headers:
Content-Length: 147
[2019-10-08 19:58:23,260] DEBUG langserver.core.Connection - Received {"jsonrpc":"2.0","id":5,"method":"textDocument/hover","params":{"textDocument":{"uri":"untitled:Untitled-1"},"position":{"line":18,"character":8}}}
[2019-10-08 19:58:23,260] DEBUG langserver.core.Connection - Received {"jsonrpc":"2.0","id":5,"method":"textDocument/hover","params":{"textDocument":{"uri":"untitled:Untitled-1"},"position":{"line":18,"character":8}}}
[2019-10-08 19:58:23,262] INFO org.github.dragos.vscode.EnsimeLanguageServer - Got hover request at (18, 8).
[2019-10-08 19:58:23,262] INFO org.github.dragos.vscode.EnsimeLanguageServer - Got hover request at (18, 8).
[2019-10-08 19:58:23,327] DEBUG langserver.core.MessageReader - Received headers:
Content-Length: 62
[2019-10-08 19:58:23,327] DEBUG langserver.core.MessageReader - Received headers:
Content-Length: 62
[2019-10-08 19:58:23,328] DEBUG langserver.core.Connection - Received {"jsonrpc":"2.0","method":"$/cancelRequest","params":{"id":5}}
[2019-10-08 19:58:23,328] DEBUG langserver.core.Connection - Received {"jsonrpc":"2.0","method":"$/cancelRequest","params":{"id":5}}
[2019-10-08 19:58:23,329] ERROR org.github.dragos.vscode.EnsimeLanguageServer - Unknown notification CancelRequest(5)
[2019-10-08 19:58:23,329] ERROR org.github.dragos.vscode.EnsimeLanguageServer - Unknown notification CancelRequest(5)
[2019-10-08 19:58:24,405] DEBUG langserver.core.MessageReader - Received headers:
Content-Length: 148
[2019-10-08 19:58:24,405] DEBUG langserver.core.MessageReader - Received headers:
Content-Length: 148
[2019-10-08 19:58:24,406] DEBUG langserver.core.Connection - Received {"jsonrpc":"2.0","id":6,"method":"textDocument/hover","params":{"textDocument":{"uri":"untitled:Untitled-1"},"position":{"line":18,"character":32}}}
[2019-10-08 19:58:24,406] DEBUG langserver.core.Connection - Received {"jsonrpc":"2.0","id":6,"method":"textDocument/hover","params":{"textDocument":{"uri":"untitled:Untitled-1"},"position":{"line":18,"character":32}}}
[2019-10-08 19:58:24,407] INFO org.github.dragos.vscode.EnsimeLanguageServer - Got hover request at (18, 32).
[2019-10-08 19:58:24,407] INFO org.github.dragos.vscode.EnsimeLanguageServer - Got hover request at (18, 32).
[2019-10-08 19:58:25,891] DEBUG langserver.core.MessageReader - Received headers:
Content-Length: 62
[2019-10-08 19:58:25,891] DEBUG langserver.core.MessageReader - Received headers:
Content-Length: 62
[2019-10-08 19:58:25,892] DEBUG langserver.core.Connection - Received {"jsonrpc":"2.0","method":"$/cancelRequest","params":{"id":6}}
[2019-10-08 19:58:25,892] DEBUG langserver.core.Connection - Received {"jsonrpc":"2.0","method":"$/cancelRequest","params":{"id":6}}
[2019-10-08 19:58:25,894] ERROR org.github.dragos.vscode.EnsimeLanguageServer - Unknown notification CancelRequest(6)
[2019-10-08 19:58:25,894] ERROR org.github.dragos.vscode.EnsimeLanguageServer - Unknown notification CancelRequest(6)
[2019-10-08 19:58:26,335] DEBUG langserver.core.MessageReader - Received headers:
Content-Length: 148
[2019-10-08 19:58:26,335] DEBUG langserver.core.MessageReader - Received headers:
Content-Length: 148
[2019-10-08 19:58:26,336] DEBUG langserver.core.Connection - Received {"jsonrpc":"2.0","id":7,"method":"textDocument/hover","params":{"textDocument":{"uri":"untitled:Untitled-1"},"position":{"line":18,"character":19}}}
[2019-10-08 19:58:26,336] DEBUG langserver.core.Connection - Received {"jsonrpc":"2.0","id":7,"method":"textDocument/hover","params":{"textDocument":{"uri":"untitled:Untitled-1"},"position":{"line":18,"character":19}}}
[2019-10-08 19:58:26,337] INFO org.github.dragos.vscode.EnsimeLanguageServer - Got hover request at (18, 19).
[2019-10-08 19:58:26,337] INFO org.github.dragos.vscode.EnsimeLanguageServer - Got hover request at (18, 19).
[2019-10-08 19:58:26,580] DEBUG langserver.core.MessageReader - Received headers:
Content-Length: 62
[2019-10-08 19:58:26,580] DEBUG langserver.core.MessageReader - Received headers:
Content-Length: 62
[2019-10-08 19:58:26,581] DEBUG langserver.core.Connection - Received {"jsonrpc":"2.0","method":"$/cancelRequest","params":{"id":7}}
[2019-10-08 19:58:26,581] DEBUG langserver.core.Connection - Received {"jsonrpc":"2.0","method":"$/cancelRequest","params":{"id":7}}
[2019-10-08 19:58:26,582] ERROR org.github.dragos.vscode.EnsimeLanguageServer - Unknown notification CancelRequest(7)
[2019-10-08 19:58:26,582] ERROR org.github.dragos.vscode.EnsimeLanguageServer - Unknown notification CancelRequest(7)
[2019-10-08 19:58:28,086] DEBUG langserver.core.MessageReader - Received headers:
Content-Length: 148
[2019-10-08 19:58:28,086] DEBUG langserver.core.MessageReader - Received headers:
Content-Length: 148
[2019-10-08 19:58:28,087] DEBUG langserver.core.Connection - Received {"jsonrpc":"2.0","id":8,"method":"textDocument/hover","params":{"textDocument":{"uri":"untitled:Untitled-1"},"position":{"line":16,"character":35}}}
[2019-10-08 19:58:28,087] DEBUG langserver.core.Connection - Received {"jsonrpc":"2.0","id":8,"method":"textDocument/hover","params":{"textDocument":{"uri":"untitled:Untitled-1"},"position":{"line":16,"character":35}}}
[2019-10-08 19:58:28,088] INFO org.github.dragos.vscode.EnsimeLanguageServer - Got hover request at (16, 35).
[2019-10-08 19:58:28,088] INFO org.github.dragos.vscode.EnsimeLanguageServer - Got hover request at (16, 35).
[2019-10-08 19:58:28,386] DEBUG langserver.core.MessageReader - Received headers:
Content-Length: 62
[2019-10-08 19:58:28,386] DEBUG langserver.core.MessageReader - Received headers:
Content-Length: 62
[2019-10-08 19:58:28,387] DEBUG langserver.core.Connection - Received {"jsonrpc":"2.0","method":"$/cancelRequest","params":{"id":8}}
[2019-10-08 19:58:28,387] DEBUG langserver.core.Connection - Received {"jsonrpc":"2.0","method":"$/cancelRequest","params":{"id":8}}
[2019-10-08 19:58:28,388] ERROR org.github.dragos.vscode.EnsimeLanguageServer - Unknown notification CancelRequest(8)
[2019-10-08 19:58:28,388] ERROR org.github.dragos.vscode.EnsimeLanguageServer - Unknown notification CancelRequest(8)
[2019-10-08 19:58:35,954] DEBUG langserver.core.MessageReader - Received headers:
Content-Length: 148
[2019-10-08 19:58:35,954] DEBUG langserver.core.MessageReader - Received headers:
Content-Length: 148
[2019-10-08 19:58:35,954] DEBUG langserver.core.Connection - Received {"jsonrpc":"2.0","id":9,"method":"textDocument/hover","params":{"textDocument":{"uri":"untitled:Untitled-1"},"position":{"line":19,"character":44}}}
[2019-10-08 19:58:35,954] DEBUG langserver.core.Connection - Received {"jsonrpc":"2.0","id":9,"method":"textDocument/hover","params":{"textDocument":{"uri":"untitled:Untitled-1"},"position":{"line":19,"character":44}}}
[2019-10-08 19:58:35,955] INFO org.github.dragos.vscode.EnsimeLanguageServer - Got hover request at (19, 44).
[2019-10-08 19:58:35,955] INFO org.github.dragos.vscode.EnsimeLanguageServer - Got hover request at (19, 44).
[2019-10-08 19:58:47,797] DEBUG langserver.core.MessageReader - Received headers:
Content-Length: 62
[2019-10-08 19:58:47,797] DEBUG langserver.core.MessageReader - Received headers:
Content-Length: 62
[2019-10-08 19:58:47,798] DEBUG langserver.core.Connection - Received {"jsonrpc":"2.0","method":"$/cancelRequest","params":{"id":9}}
[2019-10-08 19:58:47,798] DEBUG langserver.core.Connection - Received {"jsonrpc":"2.0","method":"$/cancelRequest","params":{"id":9}}
[2019-10-08 19:58:47,799] ERROR org.github.dragos.vscode.EnsimeLanguageServer - Unknown notification CancelRequest(9)
[2019-10-08 19:58:47,799] ERROR org.github.dragos.vscode.EnsimeLanguageServer - Unknown notification CancelRequest(9)
[2019-10-08 20:04:06,958] DEBUG langserver.core.MessageReader - Received headers:
Content-Length: 149
[2019-10-08 20:04:06,958] DEBUG langserver.core.MessageReader - Received headers:
Content-Length: 149
[2019-10-08 20:04:06,959] DEBUG langserver.core.Connection - Received {"jsonrpc":"2.0","id":10,"method":"textDocument/hover","params":{"textDocument":{"uri":"untitled:Untitled-1"},"position":{"line":12,"character":16}}}
[2019-10-08 20:04:06,959] DEBUG langserver.core.Connection - Received {"jsonrpc":"2.0","id":10,"method":"textDocument/hover","params":{"textDocument":{"uri":"untitled:Untitled-1"},"position":{"line":12,"character":16}}}
[2019-10-08 20:04:06,960] INFO org.github.dragos.vscode.EnsimeLanguageServer - Got hover request at (12, 16).
[2019-10-08 20:04:06,960] INFO org.github.dragos.vscode.EnsimeLanguageServer - Got hover request at (12, 16).
[2019-10-08 20:04:08,480] DEBUG langserver.core.MessageReader - Received headers:
Content-Length: 63
[2019-10-08 20:04:08,480] DEBUG langserver.core.MessageReader - Received headers:
Content-Length: 63
[2019-10-08 20:04:08,481] DEBUG langserver.core.Connection - Received {"jsonrpc":"2.0","method":"$/cancelRequest","params":{"id":10}}
[2019-10-08 20:04:08,481] DEBUG langserver.core.Connection - Received {"jsonrpc":"2.0","method":"$/cancelRequest","params":{"id":10}}
[2019-10-08 20:04:08,482] ERROR org.github.dragos.vscode.EnsimeLanguageServer - Unknown notification CancelRequest(10)
[2019-10-08 20:04:08,482] ERROR org.github.dragos.vscode.EnsimeLanguageServer - Unknown notification CancelRequest(10)
[2019-10-08 20:04:09,484] DEBUG langserver.core.MessageReader - Received headers:
Content-Length: 148
[2019-10-08 20:04:09,484] DEBUG langserver.core.MessageReader - Received headers:
Content-Length: 148
[2019-10-08 20:04:09,484] DEBUG langserver.core.Connection - Received {"jsonrpc":"2.0","id":11,"method":"textDocument/hover","params":{"textDocument":{"uri":"untitled:Untitled-1"},"position":{"line":10,"character":1}}}
[2019-10-08 20:04:09,484] DEBUG langserver.core.Connection - Received {"jsonrpc":"2.0","id":11,"method":"textDocument/hover","params":{"textDocument":{"uri":"untitled:Untitled-1"},"position":{"line":10,"character":1}}}
[2019-10-08 20:04:09,485] INFO org.github.dragos.vscode.EnsimeLanguageServer - Got hover request at (10, 1).
[2019-10-08 20:04:09,485] INFO org.github.dragos.vscode.EnsimeLanguageServer - Got hover request at (10, 1).
[2019-10-08 20:10:35,205] DEBUG langserver.core.MessageReader - Received headers:
Content-Length: 63
[2019-10-08 20:10:35,205] DEBUG langserver.core.MessageReader - Received headers:
Content-Length: 63
[2019-10-08 20:10:35,206] DEBUG langserver.core.Connection - Received {"jsonrpc":"2.0","method":"$/cancelRequest","params":{"id":11}}
[2019-10-08 20:10:35,206] DEBUG langserver.core.Connection - Received {"jsonrpc":"2.0","method":"$/cancelRequest","params":{"id":11}}
[2019-10-08 20:10:35,208] ERROR org.github.dragos.vscode.EnsimeLanguageServer - Unknown notification CancelRequest(11)
[2019-10-08 20:10:35,208] ERROR org.github.dragos.vscode.EnsimeLanguageServer - Unknown notification CancelRequest(11)
[2019-10-08 20:10:40,545] DEBUG langserver.core.MessageReader - Received headers:
Content-Length: 106
[2019-10-08 20:10:40,545] DEBUG langserver.core.MessageReader - Received headers:
Content-Length: 106
[2019-10-08 20:10:40,545] DEBUG langserver.core.Connection - Received {"jsonrpc":"2.0","method":"textDocument/didClose","params":{"textDocument":{"uri":"untitled:Untitled-1"}}}
[2019-10-08 20:10:40,545] DEBUG langserver.core.Connection - Received {"jsonrpc":"2.0","method":"textDocument/didClose","params":{"textDocument":{"uri":"untitled:Untitled-1"}}}
[2019-10-08 20:10:40,548] DEBUG org.github.dragos.vscode.EnsimeLanguageServer - Removing untitled:Untitled-1 from Ensime.
[2019-10-08 20:10:40,548] DEBUG org.github.dragos.vscode.EnsimeLanguageServer - Removing untitled:Untitled-1 from Ensime.
[2019-10-08 20:10:40,585] DEBUG langserver.core.MessageReader - Received headers:
Content-Length: 148
[2019-10-08 20:10:40,585] DEBUG langserver.core.MessageReader - Received headers:
Content-Length: 148
[2019-10-08 20:10:40,586] DEBUG langserver.core.Connection - Received {"jsonrpc":"2.0","id":12,"method":"textDocument/documentSymbol","params":{"textDocument":{"uri":"file:///Users/appti/Downloads/MLlib_test1.scala"}}}
[2019-10-08 20:10:40,586] DEBUG langserver.core.Connection - Received {"jsonrpc":"2.0","id":12,"method":"textDocument/documentSymbol","params":{"textDocument":{"uri":"file:///Users/appti/Downloads/MLlib_test1.scala"}}}
[2019-10-08 20:10:40,590] DEBUG langserver.core.MessageWriter - Content-Length: 37



{"jsonrpc":"2.0","result":[],"id":12}
[2019-10-08 20:10:40,590] DEBUG langserver.core.MessageWriter - Content-Length: 37



{"jsonrpc":"2.0","result":[],"id":12}
[2019-10-08 20:10:40,590] DEBUG langserver.core.MessageWriter - payload: {"jsonrpc":"2.0","result":[],"id":12}
[2019-10-08 20:10:40,590] DEBUG langserver.core.MessageWriter - payload: {"jsonrpc":"2.0","result":[],"id":12}
[2019-10-08 20:10:40,672] DEBUG langserver.core.MessageReader - Received headers:
Content-Length: 59
[2019-10-08 20:10:40,672] DEBUG langserver.core.MessageReader - Received headers:
Content-Length: 59
[2019-10-08 20:10:40,673] DEBUG langserver.core.Connection - Received {"jsonrpc":"2.0","id":13,"method":"shutdown","params":null}
[2019-10-08 20:10:40,673] DEBUG langserver.core.Connection - Received {"jsonrpc":"2.0","id":13,"method":"shutdown","params":null}
[2019-10-08 20:10:40,687] DEBUG langserver.core.MessageWriter - Content-Length: 199



{"jsonrpc":"2.0","error":{"code":-32602,"message":"Invalid params","data":{"meaning":"Invalid method parameter(s).","error":{"obj":[{"msg":["command parameters must be given"],"args":[]}]}}},"id":13}
[2019-10-08 20:10:40,687] DEBUG langserver.core.MessageWriter - Content-Length: 199



{"jsonrpc":"2.0","error":{"code":-32602,"message":"Invalid params","data":{"meaning":"Invalid method parameter(s).","error":{"obj":[{"msg":["command parameters must be given"],"args":[]}]}}},"id":13}
[2019-10-08 20:10:40,687] DEBUG langserver.core.MessageWriter - payload: {"jsonrpc":"2.0","error":{"code":-32602,"message":"Invalid params","data":{"meaning":"Invalid method parameter(s).","error":{"obj":[{"msg":["command parameters must be given"],"args":[]}]}}},"id":13}
[2019-10-08 20:10:40,687] DEBUG langserver.core.MessageWriter - payload: {"jsonrpc":"2.0","error":{"code":-32602,"message":"Invalid params","data":{"meaning":"Invalid method parameter(s).","error":{"obj":[{"msg":["command parameters must be given"],"args":[]}]}}},"id":13}
[2019-10-08 20:10:41,698] INFO langserver.core.MessageReader - End of stream, terminating thread
[2019-10-08 20:10:41,698] INFO langserver.core.MessageReader - End of stream, terminating thread
[2019-10-08 20:10:41,698] INFO org.github.dragos.vscode.EnsimeLanguageServer - Shutdown request
[2019-10-08 20:10:41,698] INFO org.github.dragos.vscode.EnsimeLanguageServer - Shutdown request
[2019-10-08 20:10:41,699] INFO org.github.dragos.vscode.EnsimeLanguageServer - Shutting down actor system.
[2019-10-08 20:10:41,699] INFO org.github.dragos.vscode.EnsimeLanguageServer - Shutting down actor system.
[2019-10-08 20:10:41,730] INFO org.github.dragos.vscode.EnsimeLanguageServer - Actor system down.
[2019-10-08 20:10:41,730] INFO org.github.dragos.vscode.EnsimeLanguageServer - Actor system down.
